<?xml version="1.0" encoding="UTF-8"?>
<!-- Generated by org.testng.reporters.JUnitReportReporter -->
<testsuite hostname="DESKTOP-PFDBLQQ" failures="0" tests="5" name="catb_fee.FeeProcess" time="102.451" errors="0" timestamp="2023-01-27T11:11:37 IST" skipped="0">
  <testcase classname="catb_fee.FeeProcess" name="Admission_Tag_Master" time="6.222"/>
  <system-out/>
  <testcase classname="catb_fee.FeeProcess" name="CATB_Str_Definiation" time="14.444"/>
  <system-out/>
  <testcase classname="catb_fee.FeeProcess" name="Associate_Admission_Tag" time="26.834"/>
  <system-out/>
  <testcase classname="catb_fee.FeeProcess" name="CATB_Billing" time="15.836"/>
  <system-out/>
  <testcase classname="catb_fee.FeeProcess" name="CATB_Revenue_Report" time="39.115"/>
  <system-out/>
</testsuite> <!-- catb_fee.FeeProcess -->
