<?xml version="1.0" encoding="UTF-8"?>
<!-- Generated by org.testng.reporters.JUnitReportReporter -->
<testsuite hostname="DESKTOP-PFDBLQQ" failures="0" tests="1" name="NewTest" time="7.273" errors="0" timestamp="2023-01-24T10:36:54 IST" skipped="0">
  <testcase classname="NewTest" name="f" time="7.273"/>
  <system-out/>
</testsuite> <!-- NewTest -->
